[2022-01-21 01:57:12.375] [exthost] [info] Extension host with pid 69234 started
[2022-01-21 01:57:12.376] [exthost] [info] Skipping acquiring lock for /home/user42/dotfiles/.config/Code/User/workspaceStorage/c8f100131c7aa75632b23cf79fadb23d.
[2022-01-21 01:57:12.417] [exthost] [info] ExtensionService#_doActivateExtension vscode.microsoft-authentication, startup: false, activationEvent: 'onAuthenticationRequest:microsoft'
[2022-01-21 01:57:12.444] [exthost] [info] ExtensionService#_doActivateExtension vscode.debug-auto-launch, startup: true, activationEvent: '*'
[2022-01-21 01:57:12.447] [exthost] [info] ExtensionService#_doActivateExtension vscode.git-base, startup: true, activationEvent: '*', root cause: vscode.github
[2022-01-21 01:57:12.450] [exthost] [info] ExtensionService#_doActivateExtension asvetliakov.vscode-neovim, startup: true, activationEvent: '*'
[2022-01-21 01:57:12.460] [exthost] [info] ExtensionService#_doActivateExtension kube.42header, startup: true, activationEvent: '*'
[2022-01-21 01:57:12.466] [exthost] [info] ExtensionService#_doActivateExtension svipas.control-snippets, startup: true, activationEvent: '*'
[2022-01-21 01:57:12.468] [exthost] [info] ExtensionService#_doActivateExtension tranhl.find-then-jump, startup: true, activationEvent: '*'
[2022-01-21 01:57:12.470] [exthost] [info] ExtensionService#_doActivateExtension wayou.vscode-todo-highlight, startup: true, activationEvent: '*'
[2022-01-21 01:57:12.537] [exthost] [info] ExtensionService#_doActivateExtension vscode.git, startup: true, activationEvent: '*'
[2022-01-21 01:57:12.594] [exthost] [info] ExtensionService#_doActivateExtension vscode.github, startup: true, activationEvent: '*'
[2022-01-21 01:57:12.672] [exthost] [info] Eager extensions activated
[2022-01-21 01:57:12.709] [exthost] [info] ExtensionService#_doActivateExtension vscode.emmet, startup: false, activationEvent: 'onStartupFinished'
[2022-01-21 01:57:12.723] [exthost] [info] ExtensionService#_doActivateExtension vscode.merge-conflict, startup: false, activationEvent: 'onStartupFinished'
[2022-01-21 01:57:12.726] [exthost] [info] ExtensionService#_doActivateExtension Gruntfuggly.todo-tree, startup: false, activationEvent: 'onStartupFinished'
[2022-01-21 01:57:12.762] [exthost] [info] ExtensionService#_doActivateExtension vadimcn.vscode-lldb, startup: false, activationEvent: 'onStartupFinished'
[2022-01-21 01:57:12.775] [exthost] [info] ExtensionService#_doActivateExtension vscode.github-authentication, startup: false, activationEvent: 'onAuthenticationRequest:github'
[2022-01-21 01:57:30.503] [exthost] [info] extension host terminating: renderer closed the socket
[2022-01-21 01:57:30.510] [exthost] [error] Error: Encountered errors while disposing of store. Errors: [TypeError: d.dispose is not a function, TypeError: d.dispose is not a function]
	at f (/usr/share/code/resources/app/out/vs/workbench/services/extensions/node/extensionHostProcess.js:14:5037)
	at v._deactivate (/usr/share/code/resources/app/out/vs/workbench/services/extensions/node/extensionHostProcess.js:100:11648)
	at /usr/share/code/resources/app/out/vs/workbench/services/extensions/node/extensionHostProcess.js:100:10061
	at Array.map (<anonymous>)
	at v.deactivateAll (/usr/share/code/resources/app/out/vs/workbench/services/extensions/node/extensionHostProcess.js:100:10049)
	at p.terminate (/usr/share/code/resources/app/out/vs/workbench/services/extensions/node/extensionHostProcess.js:104:735)
	at r (/usr/share/code/resources/app/out/vs/workbench/services/extensions/node/extensionHostProcess.js:114:36400)
	at Socket.<anonymous> (/usr/share/code/resources/app/out/vs/workbench/services/extensions/node/extensionHostProcess.js:114:34012)
	at Socket.emit (events.js:327:22)
	at Pipe.<anonymous> (net.js:673:12)
[2022-01-21 01:57:30.511] [exthost] [info] Extension host with pid 69234 exiting with code 0
[2022-01-21 01:57:32.974] [exthost] [info] Extension host with pid 69341 started
[2022-01-21 01:57:32.974] [exthost] [info] Skipping acquiring lock for /home/user42/dotfiles/.config/Code/User/workspaceStorage/673d51d8b27d89ada6db67f24c7dcde7.
[2022-01-21 01:57:33.180] [exthost] [info] ExtensionService#_doActivateExtension vscode.microsoft-authentication, startup: false, activationEvent: 'onAuthenticationRequest:microsoft'
[2022-01-21 01:57:33.221] [exthost] [info] ExtensionService#_doActivateExtension ms-vscode.cpptools, startup: false, activationEvent: 'onLanguage:c'
[2022-01-21 01:57:33.314] [exthost] [info] ExtensionService#_doActivateExtension vscode.debug-auto-launch, startup: true, activationEvent: '*'
[2022-01-21 01:57:33.317] [exthost] [info] ExtensionService#_doActivateExtension vscode.git-base, startup: true, activationEvent: '*', root cause: vscode.github
[2022-01-21 01:57:33.320] [exthost] [info] ExtensionService#_doActivateExtension asvetliakov.vscode-neovim, startup: true, activationEvent: '*'
[2022-01-21 01:57:33.329] [exthost] [info] ExtensionService#_doActivateExtension kube.42header, startup: true, activationEvent: '*'
[2022-01-21 01:57:33.336] [exthost] [info] ExtensionService#_doActivateExtension svipas.control-snippets, startup: true, activationEvent: '*'
[2022-01-21 01:57:33.338] [exthost] [info] ExtensionService#_doActivateExtension tranhl.find-then-jump, startup: true, activationEvent: '*'
[2022-01-21 01:57:33.341] [exthost] [info] ExtensionService#_doActivateExtension wayou.vscode-todo-highlight, startup: true, activationEvent: '*'
[2022-01-21 01:57:33.609] [exthost] [info] ExtensionService#_doActivateExtension vscode.git, startup: true, activationEvent: '*'
[2022-01-21 01:57:33.671] [exthost] [info] ExtensionService#_doActivateExtension vscode.github, startup: true, activationEvent: '*'
[2022-01-21 01:57:33.921] [exthost] [info] Eager extensions activated
[2022-01-21 01:57:33.949] [exthost] [info] ExtensionService#_doActivateExtension vscode.emmet, startup: false, activationEvent: 'onStartupFinished'
[2022-01-21 01:57:33.969] [exthost] [info] ExtensionService#_doActivateExtension vscode.merge-conflict, startup: false, activationEvent: 'onStartupFinished'
[2022-01-21 01:57:33.973] [exthost] [info] ExtensionService#_doActivateExtension Gruntfuggly.todo-tree, startup: false, activationEvent: 'onStartupFinished'
[2022-01-21 01:57:34.009] [exthost] [info] ExtensionService#_doActivateExtension vadimcn.vscode-lldb, startup: false, activationEvent: 'onStartupFinished'
[2022-01-21 01:57:34.020] [exthost] [info] ExtensionService#_doActivateExtension vscode.github-authentication, startup: false, activationEvent: 'onAuthenticationRequest:github'
[2022-01-21 01:57:55.339] [exthost] [info] extension host terminating: renderer closed the socket
[2022-01-21 01:57:55.347] [exthost] [error] Error: Encountered errors while disposing of store. Errors: [TypeError: d.dispose is not a function, TypeError: d.dispose is not a function]
	at f (/usr/share/code/resources/app/out/vs/workbench/services/extensions/node/extensionHostProcess.js:14:5037)
	at v._deactivate (/usr/share/code/resources/app/out/vs/workbench/services/extensions/node/extensionHostProcess.js:100:11648)
	at /usr/share/code/resources/app/out/vs/workbench/services/extensions/node/extensionHostProcess.js:100:10061
	at Array.map (<anonymous>)
	at v.deactivateAll (/usr/share/code/resources/app/out/vs/workbench/services/extensions/node/extensionHostProcess.js:100:10049)
	at p.terminate (/usr/share/code/resources/app/out/vs/workbench/services/extensions/node/extensionHostProcess.js:104:735)
	at r (/usr/share/code/resources/app/out/vs/workbench/services/extensions/node/extensionHostProcess.js:114:36400)
	at Socket.<anonymous> (/usr/share/code/resources/app/out/vs/workbench/services/extensions/node/extensionHostProcess.js:114:34012)
	at Socket.emit (events.js:327:22)
	at Pipe.<anonymous> (net.js:673:12)
[2022-01-21 01:57:55.368] [exthost] [info] Extension host with pid 69341 exiting with code 0
