[2022-01-21 01:48:30.673] [exthost] [info] Extension host with pid 68376 started
[2022-01-21 01:48:30.673] [exthost] [info] Skipping acquiring lock for /home/user42/dotfiles/.config/Code/User/workspaceStorage/c8f100131c7aa75632b23cf79fadb23d.
[2022-01-21 01:48:30.719] [exthost] [info] ExtensionService#_doActivateExtension vscode.microsoft-authentication, startup: false, activationEvent: 'onAuthenticationRequest:microsoft'
[2022-01-21 01:48:30.744] [exthost] [info] ExtensionService#_doActivateExtension vscode.debug-auto-launch, startup: true, activationEvent: '*'
[2022-01-21 01:48:30.746] [exthost] [info] ExtensionService#_doActivateExtension vscode.git-base, startup: true, activationEvent: '*', root cause: vscode.github
[2022-01-21 01:48:30.749] [exthost] [info] ExtensionService#_doActivateExtension vscodevim.vim, startup: true, activationEvent: '*'
[2022-01-21 01:48:30.900] [exthost] [info] ExtensionService#_doActivateExtension vscode.github, startup: true, activationEvent: '*'
[2022-01-21 01:48:30.965] [exthost] [info] Eager extensions activated
[2022-01-21 01:48:30.968] [exthost] [info] ExtensionService#_doActivateExtension vscode.emmet, startup: false, activationEvent: 'onStartupFinished'
[2022-01-21 01:48:30.982] [exthost] [info] ExtensionService#_doActivateExtension vscode.merge-conflict, startup: false, activationEvent: 'onStartupFinished'
[2022-01-21 01:48:31.053] [exthost] [info] ExtensionService#_doActivateExtension vscode.github-authentication, startup: false, activationEvent: 'onAuthenticationRequest:github'
[2022-01-21 01:48:33.054] [exthost] [info] ExtensionService#_doActivateExtension vscode.git, startup: false, activationEvent: 'api', root cause: vscode.github
[2022-01-21 01:48:33.108] [exthost] [info] ExtensionService#_doActivateExtension Gruntfuggly.todo-tree, startup: false, activationEvent: 'onStartupFinished'
[2022-01-21 01:48:33.130] [exthost] [info] ExtensionService#_doActivateExtension kube.42header, startup: false, activationEvent: '*'
[2022-01-21 01:48:33.136] [exthost] [info] ExtensionService#_doActivateExtension ms-vscode.cpptools, startup: false, activationEvent: '*'
[2022-01-21 01:48:33.225] [exthost] [info] ExtensionService#_doActivateExtension svipas.control-snippets, startup: false, activationEvent: '*'
[2022-01-21 01:48:33.226] [exthost] [info] ExtensionService#_doActivateExtension tranhl.find-then-jump, startup: false, activationEvent: '*'
[2022-01-21 01:48:33.233] [exthost] [info] ExtensionService#_doActivateExtension vadimcn.vscode-lldb, startup: false, activationEvent: 'onStartupFinished'
[2022-01-21 01:48:33.247] [exthost] [info] ExtensionService#_doActivateExtension wayou.vscode-todo-highlight, startup: false, activationEvent: '*'
[2022-01-21 01:49:07.168] [exthost] [info] ExtensionService#_doActivateExtension vscode.configuration-editing, startup: false, activationEvent: 'onLanguage:json'
[2022-01-21 01:49:07.180] [exthost] [info] ExtensionService#_doActivateExtension vscode.extension-editing, startup: false, activationEvent: 'onLanguage:json'
[2022-01-21 01:49:07.197] [exthost] [info] ExtensionService#_doActivateExtension vscode.json-language-features, startup: false, activationEvent: 'onLanguage:json'
[2022-01-21 01:49:07.254] [exthost] [info] ExtensionService#_doActivateExtension vscode.npm, startup: false, activationEvent: 'onLanguage:json'
[2022-01-21 01:49:07.290] [exthost] [info] ExtensionService#_doActivateExtension vscode.typescript-language-features, startup: false, activationEvent: 'onLanguage:jsonc'
[2022-01-21 01:49:08.163] [exthost] [info] ExtensionService#_doActivateExtension asvetliakov.vscode-neovim, startup: false, activationEvent: '*'
[2022-01-21 01:49:25.183] [exthost] [info] extension host terminating: renderer closed the socket
[2022-01-21 01:49:25.192] [exthost] [error] Error: Encountered errors while disposing of store. Errors: [TypeError: d.dispose is not a function, TypeError: d.dispose is not a function]
    at f (/usr/share/code/resources/app/out/vs/workbench/services/extensions/node/extensionHostProcess.js:14:5037)
    at v._deactivate (/usr/share/code/resources/app/out/vs/workbench/services/extensions/node/extensionHostProcess.js:100:11648)
    at /usr/share/code/resources/app/out/vs/workbench/services/extensions/node/extensionHostProcess.js:100:10061
    at Array.map (<anonymous>)
    at v.deactivateAll (/usr/share/code/resources/app/out/vs/workbench/services/extensions/node/extensionHostProcess.js:100:10049)
    at p.terminate (/usr/share/code/resources/app/out/vs/workbench/services/extensions/node/extensionHostProcess.js:104:735)
    at r (/usr/share/code/resources/app/out/vs/workbench/services/extensions/node/extensionHostProcess.js:114:36400)
    at Socket.<anonymous> (/usr/share/code/resources/app/out/vs/workbench/services/extensions/node/extensionHostProcess.js:114:34012)
    at Socket.emit (events.js:327:22)
    at Pipe.<anonymous> (net.js:673:12)
[2022-01-21 01:49:25.193] [exthost] [error] TypeError: Cannot read property 'timeTelemetryCollector' of undefined
    at Object.deactivate (/home/user42/.vscode/extensions/ms-vscode.cpptools-1.7.1/dist/main.js:49395:13)
    at Object.deactivate (/home/user42/.vscode/extensions/ms-vscode.cpptools-1.7.1/dist/main.js:54453:27)
    at v._deactivate (/usr/share/code/resources/app/out/vs/workbench/services/extensions/node/extensionHostProcess.js:100:11513)
    at /usr/share/code/resources/app/out/vs/workbench/services/extensions/node/extensionHostProcess.js:100:10061
    at Array.map (<anonymous>)
    at v.deactivateAll (/usr/share/code/resources/app/out/vs/workbench/services/extensions/node/extensionHostProcess.js:100:10049)
    at p.terminate (/usr/share/code/resources/app/out/vs/workbench/services/extensions/node/extensionHostProcess.js:104:735)
    at r (/usr/share/code/resources/app/out/vs/workbench/services/extensions/node/extensionHostProcess.js:114:36400)
    at Socket.<anonymous> (/usr/share/code/resources/app/out/vs/workbench/services/extensions/node/extensionHostProcess.js:114:34012)
    at Socket.emit (events.js:327:22)
    at Pipe.<anonymous> (net.js:673:12)
[2022-01-21 01:49:25.196] [exthost] [error] Error: ENOENT: no such file or directory, open '/home/user42/dotfiles/.config/Code/User/globalStorage/vscodevim.vim/.registers'
[2022-01-21 01:49:25.196] [exthost] [info] Extension host with pid 68376 exiting with code 0
[2022-01-21 01:49:26.582] [exthost] [info] Extension host with pid 68512 started
[2022-01-21 01:49:26.582] [exthost] [info] Skipping acquiring lock for /home/user42/dotfiles/.config/Code/User/workspaceStorage/c8f100131c7aa75632b23cf79fadb23d.
[2022-01-21 01:49:26.641] [exthost] [info] ExtensionService#_doActivateExtension vscode.microsoft-authentication, startup: false, activationEvent: 'onAuthenticationRequest:microsoft'
[2022-01-21 01:49:26.666] [exthost] [info] ExtensionService#_doActivateExtension vscode.debug-auto-launch, startup: true, activationEvent: '*'
[2022-01-21 01:49:26.668] [exthost] [info] ExtensionService#_doActivateExtension vscode.git-base, startup: true, activationEvent: '*', root cause: vscode.github
[2022-01-21 01:49:26.671] [exthost] [info] ExtensionService#_doActivateExtension asvetliakov.vscode-neovim, startup: true, activationEvent: '*'
[2022-01-21 01:49:26.681] [exthost] [info] ExtensionService#_doActivateExtension kube.42header, startup: true, activationEvent: '*'
[2022-01-21 01:49:26.686] [exthost] [info] ExtensionService#_doActivateExtension svipas.control-snippets, startup: true, activationEvent: '*'
[2022-01-21 01:49:26.688] [exthost] [info] ExtensionService#_doActivateExtension tranhl.find-then-jump, startup: true, activationEvent: '*'
[2022-01-21 01:49:26.690] [exthost] [info] ExtensionService#_doActivateExtension wayou.vscode-todo-highlight, startup: true, activationEvent: '*'
[2022-01-21 01:49:26.737] [exthost] [info] ExtensionService#_doActivateExtension vscode.git, startup: true, activationEvent: '*'
[2022-01-21 01:49:26.794] [exthost] [info] ExtensionService#_doActivateExtension vscode.github, startup: true, activationEvent: '*'
[2022-01-21 01:49:26.842] [exthost] [info] Eager extensions activated
[2022-01-21 01:49:26.870] [exthost] [info] ExtensionService#_doActivateExtension vscode.emmet, startup: false, activationEvent: 'onStartupFinished'
[2022-01-21 01:49:26.885] [exthost] [info] ExtensionService#_doActivateExtension vscode.merge-conflict, startup: false, activationEvent: 'onStartupFinished'
[2022-01-21 01:49:26.889] [exthost] [info] ExtensionService#_doActivateExtension Gruntfuggly.todo-tree, startup: false, activationEvent: 'onStartupFinished'
[2022-01-21 01:49:26.924] [exthost] [info] ExtensionService#_doActivateExtension vadimcn.vscode-lldb, startup: false, activationEvent: 'onStartupFinished'
[2022-01-21 01:49:26.939] [exthost] [info] ExtensionService#_doActivateExtension vscode.github-authentication, startup: false, activationEvent: 'onAuthenticationRequest:github'
[2022-01-21 01:49:41.553] [exthost] [info] extension host terminating: renderer closed the socket
[2022-01-21 01:49:41.565] [exthost] [error] Error: Encountered errors while disposing of store. Errors: [TypeError: d.dispose is not a function, TypeError: d.dispose is not a function]
	at f (/usr/share/code/resources/app/out/vs/workbench/services/extensions/node/extensionHostProcess.js:14:5037)
	at v._deactivate (/usr/share/code/resources/app/out/vs/workbench/services/extensions/node/extensionHostProcess.js:100:11648)
	at /usr/share/code/resources/app/out/vs/workbench/services/extensions/node/extensionHostProcess.js:100:10061
	at Array.map (<anonymous>)
	at v.deactivateAll (/usr/share/code/resources/app/out/vs/workbench/services/extensions/node/extensionHostProcess.js:100:10049)
	at p.terminate (/usr/share/code/resources/app/out/vs/workbench/services/extensions/node/extensionHostProcess.js:104:735)
	at r (/usr/share/code/resources/app/out/vs/workbench/services/extensions/node/extensionHostProcess.js:114:36400)
	at Socket.<anonymous> (/usr/share/code/resources/app/out/vs/workbench/services/extensions/node/extensionHostProcess.js:114:34012)
	at Socket.emit (events.js:327:22)
	at Pipe.<anonymous> (net.js:673:12)
[2022-01-21 01:49:41.567] [exthost] [info] Extension host with pid 68512 exiting with code 0
[2022-01-21 01:49:43.774] [exthost] [info] Extension host with pid 68617 started
[2022-01-21 01:49:43.774] [exthost] [info] Skipping acquiring lock for /home/user42/dotfiles/.config/Code/User/workspaceStorage/673d51d8b27d89ada6db67f24c7dcde7.
[2022-01-21 01:49:44.019] [exthost] [info] ExtensionService#_doActivateExtension vscode.microsoft-authentication, startup: false, activationEvent: 'onAuthenticationRequest:microsoft'
[2022-01-21 01:49:44.043] [exthost] [info] ExtensionService#_doActivateExtension vscode.debug-auto-launch, startup: true, activationEvent: '*'
[2022-01-21 01:49:44.045] [exthost] [info] ExtensionService#_doActivateExtension vscode.git-base, startup: true, activationEvent: '*', root cause: vscode.github
[2022-01-21 01:49:44.066] [exthost] [info] ExtensionService#_doActivateExtension vscode.github, startup: true, activationEvent: '*'
[2022-01-21 01:49:44.076] [exthost] [info] Eager extensions activated
[2022-01-21 01:49:44.085] [exthost] [info] ExtensionService#_doActivateExtension vscode.git, startup: false, activationEvent: '*'
[2022-01-21 01:49:44.132] [exthost] [info] ExtensionService#_doActivateExtension asvetliakov.vscode-neovim, startup: false, activationEvent: '*'
[2022-01-21 01:49:44.142] [exthost] [info] ExtensionService#_doActivateExtension Gruntfuggly.todo-tree, startup: false, activationEvent: 'onStartupFinished'
[2022-01-21 01:49:44.169] [exthost] [info] ExtensionService#_doActivateExtension kube.42header, startup: false, activationEvent: '*'
[2022-01-21 01:49:44.175] [exthost] [info] ExtensionService#_doActivateExtension svipas.control-snippets, startup: false, activationEvent: '*'
[2022-01-21 01:49:44.177] [exthost] [info] ExtensionService#_doActivateExtension tranhl.find-then-jump, startup: false, activationEvent: '*'
[2022-01-21 01:49:44.179] [exthost] [info] ExtensionService#_doActivateExtension vadimcn.vscode-lldb, startup: false, activationEvent: 'onStartupFinished'
[2022-01-21 01:49:44.190] [exthost] [info] ExtensionService#_doActivateExtension wayou.vscode-todo-highlight, startup: false, activationEvent: '*'
[2022-01-21 01:49:44.193] [exthost] [info] ExtensionService#_doActivateExtension vscode.emmet, startup: false, activationEvent: 'onStartupFinished'
[2022-01-21 01:49:44.206] [exthost] [info] ExtensionService#_doActivateExtension vscode.merge-conflict, startup: false, activationEvent: 'onStartupFinished'
[2022-01-21 01:49:44.336] [exthost] [info] ExtensionService#_doActivateExtension vscode.github-authentication, startup: false, activationEvent: 'onAuthenticationRequest:github'
[2022-01-21 01:49:57.710] [exthost] [info] ExtensionService#_doActivateExtension ms-vscode.cpptools, startup: false, activationEvent: 'onLanguage:c'
[2022-01-21 01:50:14.099] [exthost] [info] ExtensionService#_doActivateExtension vscode.configuration-editing, startup: false, activationEvent: 'onLanguage:json'
[2022-01-21 01:50:14.107] [exthost] [info] ExtensionService#_doActivateExtension vscode.extension-editing, startup: false, activationEvent: 'onLanguage:json'
[2022-01-21 01:50:14.112] [exthost] [info] ExtensionService#_doActivateExtension vscode.json-language-features, startup: false, activationEvent: 'onLanguage:json'
[2022-01-21 01:50:14.124] [exthost] [info] ExtensionService#_doActivateExtension vscode.npm, startup: false, activationEvent: 'onLanguage:json'
[2022-01-21 01:50:14.133] [exthost] [info] ExtensionService#_doActivateExtension vscode.typescript-language-features, startup: false, activationEvent: 'onLanguage:jsonc'
[2022-01-21 01:57:08.594] [exthost] [info] extension host terminating: renderer closed the socket
[2022-01-21 01:57:08.625] [exthost] [error] Error: Encountered errors while disposing of store. Errors: [TypeError: d.dispose is not a function, TypeError: d.dispose is not a function]
	at f (/usr/share/code/resources/app/out/vs/workbench/services/extensions/node/extensionHostProcess.js:14:5037)
	at v._deactivate (/usr/share/code/resources/app/out/vs/workbench/services/extensions/node/extensionHostProcess.js:100:11648)
	at /usr/share/code/resources/app/out/vs/workbench/services/extensions/node/extensionHostProcess.js:100:10061
	at Array.map (<anonymous>)
	at v.deactivateAll (/usr/share/code/resources/app/out/vs/workbench/services/extensions/node/extensionHostProcess.js:100:10049)
	at p.terminate (/usr/share/code/resources/app/out/vs/workbench/services/extensions/node/extensionHostProcess.js:104:735)
	at r (/usr/share/code/resources/app/out/vs/workbench/services/extensions/node/extensionHostProcess.js:114:36400)
	at Socket.<anonymous> (/usr/share/code/resources/app/out/vs/workbench/services/extensions/node/extensionHostProcess.js:114:34012)
	at Socket.emit (events.js:327:22)
	at Pipe.<anonymous> (net.js:673:12)
[2022-01-21 01:57:08.649] [exthost] [info] Extension host with pid 68617 exiting with code 0
