[2022-01-21 09:21:22.738] [exthost] [info] Extension host with pid 3031 started
[2022-01-21 09:21:22.738] [exthost] [info] Skipping acquiring lock for /home/user42/dotfiles/.config/Code/User/workspaceStorage/b9e210e96f803c4658edd0afd115d40c.
[2022-01-21 09:21:22.783] [exthost] [info] ExtensionService#_doActivateExtension vscode.microsoft-authentication, startup: false, activationEvent: 'onAuthenticationRequest:microsoft'
[2022-01-21 09:21:22.819] [exthost] [info] ExtensionService#_doActivateExtension vscode.debug-auto-launch, startup: true, activationEvent: '*'
[2022-01-21 09:21:22.825] [exthost] [info] ExtensionService#_doActivateExtension vscode.git-base, startup: true, activationEvent: '*', root cause: vscode.github
[2022-01-21 09:21:22.855] [exthost] [info] ExtensionService#_doActivateExtension vscode.github, startup: true, activationEvent: '*'
[2022-01-21 09:21:22.875] [exthost] [info] Eager extensions activated
[2022-01-21 09:21:22.878] [exthost] [info] ExtensionService#_doActivateExtension vscode.emmet, startup: false, activationEvent: 'onStartupFinished'
[2022-01-21 09:21:22.894] [exthost] [info] ExtensionService#_doActivateExtension vscode.merge-conflict, startup: false, activationEvent: 'onStartupFinished'
[2022-01-21 09:21:22.969] [exthost] [info] ExtensionService#_doActivateExtension vscode.github-authentication, startup: false, activationEvent: 'onAuthenticationRequest:github'
[2022-01-21 09:21:24.926] [exthost] [info] ExtensionService#_doActivateExtension vscode.git, startup: false, activationEvent: 'api', root cause: vscode.github
[2022-01-21 09:21:24.999] [exthost] [info] ExtensionService#_doActivateExtension asvetliakov.vscode-neovim, startup: false, activationEvent: '*'
[2022-01-21 09:21:25.012] [exthost] [info] ExtensionService#_doActivateExtension Gruntfuggly.todo-tree, startup: false, activationEvent: 'onStartupFinished'
[2022-01-21 09:21:25.056] [exthost] [info] ExtensionService#_doActivateExtension kube.42header, startup: false, activationEvent: '*'
[2022-01-21 09:21:25.068] [exthost] [info] ExtensionService#_doActivateExtension svipas.control-snippets, startup: false, activationEvent: '*'
[2022-01-21 09:21:25.070] [exthost] [info] ExtensionService#_doActivateExtension tranhl.find-then-jump, startup: false, activationEvent: '*'
[2022-01-21 09:21:25.076] [exthost] [info] ExtensionService#_doActivateExtension vadimcn.vscode-lldb, startup: false, activationEvent: 'onStartupFinished'
[2022-01-21 09:21:25.102] [exthost] [info] ExtensionService#_doActivateExtension wayou.vscode-todo-highlight, startup: false, activationEvent: '*'
[2022-01-21 09:21:25.939] [exthost] [warning] [Decorations] CAPPING events from decorations provider vscode.git 458
[2022-01-21 09:21:42.707] [exthost] [info] ExtensionService#_doActivateExtension vscode.configuration-editing, startup: false, activationEvent: 'onLanguage:json'
[2022-01-21 09:21:42.718] [exthost] [info] ExtensionService#_doActivateExtension vscode.extension-editing, startup: false, activationEvent: 'onLanguage:json'
[2022-01-21 09:21:42.726] [exthost] [info] ExtensionService#_doActivateExtension vscode.json-language-features, startup: false, activationEvent: 'onLanguage:json'
[2022-01-21 09:21:42.746] [exthost] [info] ExtensionService#_doActivateExtension vscode.npm, startup: false, activationEvent: 'onLanguage:json'
[2022-01-21 09:21:42.764] [exthost] [info] ExtensionService#_doActivateExtension vscode.typescript-language-features, startup: false, activationEvent: 'onLanguage:jsonc'
[2022-01-21 09:21:52.564] [exthost] [info] ExtensionService#_doActivateExtension vscodevim.vim, startup: false, activationEvent: '*'
[2022-01-21 09:21:57.086] [exthost] [info] extension host terminating: renderer closed the socket
[2022-01-21 09:21:57.101] [exthost] [error] Error: Encountered errors while disposing of store. Errors: [TypeError: d.dispose is not a function, TypeError: d.dispose is not a function]
    at f (/usr/share/code/resources/app/out/vs/workbench/services/extensions/node/extensionHostProcess.js:14:5037)
    at v._deactivate (/usr/share/code/resources/app/out/vs/workbench/services/extensions/node/extensionHostProcess.js:100:11648)
    at /usr/share/code/resources/app/out/vs/workbench/services/extensions/node/extensionHostProcess.js:100:10061
    at Array.map (<anonymous>)
    at v.deactivateAll (/usr/share/code/resources/app/out/vs/workbench/services/extensions/node/extensionHostProcess.js:100:10049)
    at p.terminate (/usr/share/code/resources/app/out/vs/workbench/services/extensions/node/extensionHostProcess.js:104:735)
    at r (/usr/share/code/resources/app/out/vs/workbench/services/extensions/node/extensionHostProcess.js:114:36400)
    at Socket.<anonymous> (/usr/share/code/resources/app/out/vs/workbench/services/extensions/node/extensionHostProcess.js:114:34012)
    at Socket.emit (events.js:327:22)
    at Pipe.<anonymous> (net.js:673:12)
[2022-01-21 09:21:57.106] [exthost] [error] Error: ENOENT: no such file or directory, open '/home/user42/dotfiles/.config/Code/User/globalStorage/vscodevim.vim/.registers'
[2022-01-21 09:21:57.107] [exthost] [info] Extension host with pid 3031 exiting with code 0
