[2022-02-15 12:20:40.730] [exthost] [info] Extension host with pid 8019 started
[2022-02-15 12:20:40.730] [exthost] [info] Skipping acquiring lock for /home/user42/dotfiles/.config/Code/User/workspaceStorage/b9e210e96f803c4658edd0afd115d40c.
[2022-02-15 12:20:40.794] [exthost] [info] ExtensionService#_doActivateExtension vscode.microsoft-authentication, startup: false, activationEvent: 'onAuthenticationRequest:microsoft'
[2022-02-15 12:20:40.825] [exthost] [info] ExtensionService#_doActivateExtension vscode.debug-auto-launch, startup: true, activationEvent: '*'
[2022-02-15 12:20:40.832] [exthost] [info] ExtensionService#_doActivateExtension vscode.git-base, startup: true, activationEvent: '*', root cause: vscode.github
[2022-02-15 12:20:40.838] [exthost] [info] ExtensionService#_doActivateExtension kube.42header, startup: true, activationEvent: '*'
[2022-02-15 12:20:40.858] [exthost] [info] ExtensionService#_doActivateExtension svipas.control-snippets, startup: true, activationEvent: '*'
[2022-02-15 12:20:40.868] [exthost] [info] ExtensionService#_doActivateExtension tranhl.find-then-jump, startup: true, activationEvent: '*'
[2022-02-15 12:20:40.876] [exthost] [info] ExtensionService#_doActivateExtension vscodevim.vim, startup: true, activationEvent: '*'
[2022-02-15 12:20:40.921] [exthost] [info] ExtensionService#_doActivateExtension wayou.vscode-todo-highlight, startup: true, activationEvent: '*'
[2022-02-15 12:20:41.093] [exthost] [info] ExtensionService#_doActivateExtension vscode.git, startup: true, activationEvent: '*'
[2022-02-15 12:20:41.180] [exthost] [info] ExtensionService#_doActivateExtension vscode.github, startup: true, activationEvent: '*'
[2022-02-15 12:20:41.295] [exthost] [info] ExtensionService#_doActivateExtension vscode.github-authentication, startup: false, activationEvent: 'onAuthenticationRequest:github'
[2022-02-15 12:20:42.038] [exthost] [warning] [Decorations] CAPPING events from decorations provider vscode.git 553
[2022-02-15 12:20:42.225] [exthost] [info] Eager extensions activated
[2022-02-15 12:20:42.234] [exthost] [info] ExtensionService#_doActivateExtension vscode.emmet, startup: false, activationEvent: 'onStartupFinished'
[2022-02-15 12:20:42.252] [exthost] [info] ExtensionService#_doActivateExtension vscode.merge-conflict, startup: false, activationEvent: 'onStartupFinished'
[2022-02-15 12:20:42.258] [exthost] [info] ExtensionService#_doActivateExtension Gruntfuggly.todo-tree, startup: false, activationEvent: 'onStartupFinished'
[2022-02-15 12:20:42.290] [exthost] [info] ExtensionService#_doActivateExtension vadimcn.vscode-lldb, startup: false, activationEvent: 'onStartupFinished'
[2022-02-15 12:21:01.394] [exthost] [info] extension host terminating: renderer closed the socket
[2022-02-15 12:21:01.405] [exthost] [error] Error: Encountered errors while disposing of store. Errors: [TypeError: d.dispose is not a function, TypeError: d.dispose is not a function]
    at f (/usr/share/code/resources/app/out/vs/workbench/services/extensions/node/extensionHostProcess.js:14:5037)
    at v._deactivate (/usr/share/code/resources/app/out/vs/workbench/services/extensions/node/extensionHostProcess.js:100:11648)
    at /usr/share/code/resources/app/out/vs/workbench/services/extensions/node/extensionHostProcess.js:100:10061
    at Array.map (<anonymous>)
    at v.deactivateAll (/usr/share/code/resources/app/out/vs/workbench/services/extensions/node/extensionHostProcess.js:100:10049)
    at p.terminate (/usr/share/code/resources/app/out/vs/workbench/services/extensions/node/extensionHostProcess.js:104:735)
    at r (/usr/share/code/resources/app/out/vs/workbench/services/extensions/node/extensionHostProcess.js:114:36400)
    at Socket.<anonymous> (/usr/share/code/resources/app/out/vs/workbench/services/extensions/node/extensionHostProcess.js:114:34012)
    at Socket.emit (events.js:327:22)
    at Pipe.<anonymous> (net.js:673:12)
[2022-02-15 12:21:01.408] [exthost] [error] Error: ENOENT: no such file or directory, open '/home/user42/dotfiles/.config/Code/User/globalStorage/vscodevim.vim/.registers'
[2022-02-15 12:21:01.408] [exthost] [info] Extension host with pid 8019 exiting with code 0
[2022-02-15 12:21:02.849] [exthost] [info] Extension host with pid 8261 started
[2022-02-15 12:21:02.849] [exthost] [info] Skipping acquiring lock for /home/user42/dotfiles/.config/Code/User/workspaceStorage/a62f109aee88cefc47c59bc892f16c35.
[2022-02-15 12:21:02.950] [exthost] [info] ExtensionService#_doActivateExtension vscode.microsoft-authentication, startup: false, activationEvent: 'onAuthenticationRequest:microsoft'
[2022-02-15 12:21:02.977] [exthost] [info] ExtensionService#_doActivateExtension vscode.configuration-editing, startup: false, activationEvent: 'onLanguage:jsonc'
[2022-02-15 12:21:02.985] [exthost] [info] ExtensionService#_doActivateExtension vscode.json-language-features, startup: false, activationEvent: 'onLanguage:jsonc'
[2022-02-15 12:21:03.005] [exthost] [info] ExtensionService#_doActivateExtension vscode.typescript-language-features, startup: false, activationEvent: 'onLanguage:jsonc'
[2022-02-15 12:21:03.022] [exthost] [info] ExtensionService#_doActivateExtension vscode.debug-auto-launch, startup: true, activationEvent: '*'
[2022-02-15 12:21:03.024] [exthost] [info] ExtensionService#_doActivateExtension vscode.git-base, startup: true, activationEvent: '*', root cause: vscode.github
[2022-02-15 12:21:03.032] [exthost] [info] ExtensionService#_doActivateExtension kube.42header, startup: true, activationEvent: '*'
[2022-02-15 12:21:03.037] [exthost] [info] ExtensionService#_doActivateExtension svipas.control-snippets, startup: true, activationEvent: '*'
[2022-02-15 12:21:03.039] [exthost] [info] ExtensionService#_doActivateExtension tranhl.find-then-jump, startup: true, activationEvent: '*'
[2022-02-15 12:21:03.041] [exthost] [info] ExtensionService#_doActivateExtension vscodevim.vim, startup: true, activationEvent: '*'
[2022-02-15 12:21:03.122] [exthost] [info] ExtensionService#_doActivateExtension wayou.vscode-todo-highlight, startup: true, activationEvent: '*'
[2022-02-15 12:21:03.179] [exthost] [info] ExtensionService#_doActivateExtension vscode.git, startup: true, activationEvent: '*'
[2022-02-15 12:21:03.233] [exthost] [info] ExtensionService#_doActivateExtension vscode.github, startup: true, activationEvent: '*'
[2022-02-15 12:21:03.292] [exthost] [info] ExtensionService#_doActivateExtension vscode.github-authentication, startup: false, activationEvent: 'onAuthenticationRequest:github'
[2022-02-15 12:21:03.308] [exthost] [info] Eager extensions activated
[2022-02-15 12:21:03.326] [exthost] [info] ExtensionService#_doActivateExtension vscode.emmet, startup: false, activationEvent: 'onStartupFinished'
[2022-02-15 12:21:03.337] [exthost] [info] ExtensionService#_doActivateExtension vscode.merge-conflict, startup: false, activationEvent: 'onStartupFinished'
[2022-02-15 12:21:03.340] [exthost] [info] ExtensionService#_doActivateExtension Gruntfuggly.todo-tree, startup: false, activationEvent: 'onStartupFinished'
[2022-02-15 12:21:03.363] [exthost] [info] ExtensionService#_doActivateExtension vadimcn.vscode-lldb, startup: false, activationEvent: 'onStartupFinished'
[2022-02-15 12:21:20.280] [exthost] [info] ExtensionService#_doActivateExtension ms-vscode.cpptools, startup: false, activationEvent: 'onLanguage:cpp'
[2022-02-16 00:25:28.891] [exthost] [info] extension host terminating: renderer closed the socket
[2022-02-16 00:25:28.921] [exthost] [error] Error: Encountered errors while disposing of store. Errors: [TypeError: d.dispose is not a function, TypeError: d.dispose is not a function]
    at f (/usr/share/code/resources/app/out/vs/workbench/services/extensions/node/extensionHostProcess.js:14:5037)
    at v._deactivate (/usr/share/code/resources/app/out/vs/workbench/services/extensions/node/extensionHostProcess.js:100:11648)
    at /usr/share/code/resources/app/out/vs/workbench/services/extensions/node/extensionHostProcess.js:100:10061
    at Array.map (<anonymous>)
    at v.deactivateAll (/usr/share/code/resources/app/out/vs/workbench/services/extensions/node/extensionHostProcess.js:100:10049)
    at p.terminate (/usr/share/code/resources/app/out/vs/workbench/services/extensions/node/extensionHostProcess.js:104:735)
    at r (/usr/share/code/resources/app/out/vs/workbench/services/extensions/node/extensionHostProcess.js:114:36400)
    at Socket.<anonymous> (/usr/share/code/resources/app/out/vs/workbench/services/extensions/node/extensionHostProcess.js:114:34012)
    at Socket.emit (events.js:327:22)
    at Pipe.<anonymous> (net.js:673:12)
[2022-02-16 00:25:29.266] [exthost] [error] TypeError: r.some is not a function
    at Function.saveToDisk (/home/user42/.vscode/extensions/vscodevim.vim-1.22.1/src/register/register.ts:350:30)
    at Object.e.deactivate (/home/user42/.vscode/extensions/vscodevim.vim-1.22.1/extension.ts:37:18)
    at v._deactivate (/usr/share/code/resources/app/out/vs/workbench/services/extensions/node/extensionHostProcess.js:100:11513)
    at /usr/share/code/resources/app/out/vs/workbench/services/extensions/node/extensionHostProcess.js:100:10061
    at Array.map (<anonymous>)
    at v.deactivateAll (/usr/share/code/resources/app/out/vs/workbench/services/extensions/node/extensionHostProcess.js:100:10049)
    at p.terminate (/usr/share/code/resources/app/out/vs/workbench/services/extensions/node/extensionHostProcess.js:104:735)
    at r (/usr/share/code/resources/app/out/vs/workbench/services/extensions/node/extensionHostProcess.js:114:36400)
    at Socket.<anonymous> (/usr/share/code/resources/app/out/vs/workbench/services/extensions/node/extensionHostProcess.js:114:34012)
    at Socket.emit (events.js:327:22)
    at Pipe.<anonymous> (net.js:673:12)
[2022-02-16 00:25:29.270] [exthost] [info] Extension host with pid 8261 exiting with code 0
