[2022-01-21 09:22:22.334] [exthost] [info] Extension host with pid 3397 started
[2022-01-21 09:22:22.334] [exthost] [info] Skipping acquiring lock for /home/user42/dotfiles/.config/Code/User/workspaceStorage/673d51d8b27d89ada6db67f24c7dcde7.
[2022-01-21 09:22:22.475] [exthost] [info] ExtensionService#_doActivateExtension vscode.microsoft-authentication, startup: false, activationEvent: 'onAuthenticationRequest:microsoft'
[2022-01-21 09:22:22.507] [exthost] [info] ExtensionService#_doActivateExtension ms-vscode.cpptools, startup: false, activationEvent: 'onLanguage:c'
[2022-01-21 09:22:22.653] [exthost] [info] ExtensionService#_doActivateExtension vscode.debug-auto-launch, startup: true, activationEvent: '*'
[2022-01-21 09:22:22.657] [exthost] [info] ExtensionService#_doActivateExtension vscode.git-base, startup: true, activationEvent: '*', root cause: vscode.github
[2022-01-21 09:22:22.659] [exthost] [info] ExtensionService#_doActivateExtension kube.42header, startup: true, activationEvent: '*'
[2022-01-21 09:22:22.669] [exthost] [info] ExtensionService#_doActivateExtension svipas.control-snippets, startup: true, activationEvent: '*'
[2022-01-21 09:22:22.670] [exthost] [info] ExtensionService#_doActivateExtension tranhl.find-then-jump, startup: true, activationEvent: '*'
[2022-01-21 09:22:22.673] [exthost] [info] ExtensionService#_doActivateExtension vscodevim.vim, startup: true, activationEvent: '*'
[2022-01-21 09:22:22.717] [exthost] [info] ExtensionService#_doActivateExtension wayou.vscode-todo-highlight, startup: true, activationEvent: '*'
[2022-01-21 09:22:23.059] [exthost] [info] ExtensionService#_doActivateExtension vscode.git, startup: true, activationEvent: '*'
[2022-01-21 09:22:23.111] [exthost] [info] ExtensionService#_doActivateExtension vscode.github, startup: true, activationEvent: '*'
[2022-01-21 09:22:23.225] [exthost] [info] Eager extensions activated
[2022-01-21 09:22:23.535] [exthost] [info] ExtensionService#_doActivateExtension vscode.emmet, startup: false, activationEvent: 'onStartupFinished'
[2022-01-21 09:22:23.548] [exthost] [info] ExtensionService#_doActivateExtension vscode.merge-conflict, startup: false, activationEvent: 'onStartupFinished'
[2022-01-21 09:22:23.551] [exthost] [info] ExtensionService#_doActivateExtension Gruntfuggly.todo-tree, startup: false, activationEvent: 'onStartupFinished'
[2022-01-21 09:22:23.577] [exthost] [info] ExtensionService#_doActivateExtension vadimcn.vscode-lldb, startup: false, activationEvent: 'onStartupFinished'
[2022-01-21 09:22:23.606] [exthost] [info] ExtensionService#_doActivateExtension vscode.github-authentication, startup: false, activationEvent: 'onAuthenticationRequest:github'
[2022-01-21 09:26:50.279] [exthost] [info] extension host terminating: renderer closed the socket
[2022-01-21 09:26:50.293] [exthost] [error] Error: Encountered errors while disposing of store. Errors: [TypeError: d.dispose is not a function, TypeError: d.dispose is not a function]
    at f (/usr/share/code/resources/app/out/vs/workbench/services/extensions/node/extensionHostProcess.js:14:5037)
    at v._deactivate (/usr/share/code/resources/app/out/vs/workbench/services/extensions/node/extensionHostProcess.js:100:11648)
    at /usr/share/code/resources/app/out/vs/workbench/services/extensions/node/extensionHostProcess.js:100:10061
    at Array.map (<anonymous>)
    at v.deactivateAll (/usr/share/code/resources/app/out/vs/workbench/services/extensions/node/extensionHostProcess.js:100:10049)
    at p.terminate (/usr/share/code/resources/app/out/vs/workbench/services/extensions/node/extensionHostProcess.js:104:735)
    at r (/usr/share/code/resources/app/out/vs/workbench/services/extensions/node/extensionHostProcess.js:114:36400)
    at Socket.<anonymous> (/usr/share/code/resources/app/out/vs/workbench/services/extensions/node/extensionHostProcess.js:114:34012)
    at Socket.emit (events.js:327:22)
    at Pipe.<anonymous> (net.js:673:12)
[2022-01-21 09:26:50.301] [exthost] [error] Error: ENOENT: no such file or directory, open '/home/user42/dotfiles/.config/Code/User/globalStorage/vscodevim.vim/.registers'
[2022-01-21 09:26:50.307] [exthost] [info] Extension host with pid 3397 exiting with code 0
